\BOOKMARK [0][-]{chapter.1}{\376\377\0001\000\040\000H\000i\000e\000r\000a\000r\000c\000h\000i\000c\000a\000l\000\040\000I\000n\000d\000e\000x}{}% 1
\BOOKMARK [1][-]{section.1.1}{\376\377\0001\000.\0001\000\040\000C\000l\000a\000s\000s\000\040\000H\000i\000e\000r\000a\000r\000c\000h\000y}{chapter.1}% 2
\BOOKMARK [0][-]{chapter.2}{\376\377\0002\000\040\000C\000l\000a\000s\000s\000\040\000I\000n\000d\000e\000x}{}% 3
\BOOKMARK [1][-]{section.2.1}{\376\377\0002\000.\0001\000\040\000C\000l\000a\000s\000s\000\040\000L\000i\000s\000t}{chapter.2}% 4
\BOOKMARK [0][-]{chapter.3}{\376\377\0003\000\040\000F\000i\000l\000e\000\040\000I\000n\000d\000e\000x}{}% 5
\BOOKMARK [1][-]{section.3.1}{\376\377\0003\000.\0001\000\040\000F\000i\000l\000e\000\040\000L\000i\000s\000t}{chapter.3}% 6
\BOOKMARK [0][-]{chapter.4}{\376\377\0004\000\040\000C\000l\000a\000s\000s\000\040\000D\000o\000c\000u\000m\000e\000n\000t\000a\000t\000i\000o\000n}{}% 7
\BOOKMARK [1][-]{section.4.1}{\376\377\0004\000.\0001\000\040\000A\000n\000a\000l\000y\000t\000i\000c\000a\000l\000\040\000C\000l\000a\000s\000s\000\040\000R\000e\000f\000e\000r\000e\000n\000c\000e}{chapter.4}% 8
\BOOKMARK [2][-]{subsection.4.1.1}{\376\377\0004\000.\0001\000.\0001\000\040\000D\000e\000t\000a\000i\000l\000e\000d\000\040\000D\000e\000s\000c\000r\000i\000p\000t\000i\000o\000n}{section.4.1}% 9
\BOOKMARK [2][-]{subsection.4.1.2}{\376\377\0004\000.\0001\000.\0002\000\040\000C\000o\000n\000s\000t\000r\000u\000c\000t\000o\000r\000\040\000\046\000\040\000D\000e\000s\000t\000r\000u\000c\000t\000o\000r\000\040\000D\000o\000c\000u\000m\000e\000n\000t\000a\000t\000i\000o\000n}{section.4.1}% 10
\BOOKMARK [3][-]{subsubsection.4.1.2.1}{\376\377\0004\000.\0001\000.\0002\000.\0001\000\040\000A\000n\000a\000l\000y\000t\000i\000c\000a\000l\000\050\000P\000r\000o\000b\000l\000e\000m\000\040\000p\000r\000o\000b\000l\000e\000m\000\051}{subsection.4.1.2}% 11
\BOOKMARK [2][-]{subsection.4.1.3}{\376\377\0004\000.\0001\000.\0003\000\040\000M\000e\000m\000b\000e\000r\000\040\000F\000u\000n\000c\000t\000i\000o\000n\000\040\000D\000o\000c\000u\000m\000e\000n\000t\000a\000t\000i\000o\000n}{section.4.1}% 12
\BOOKMARK [3][-]{subsubsection.4.1.3.1}{\376\377\0004\000.\0001\000.\0003\000.\0001\000\040\000c\000o\000m\000p\000u\000t\000e\000s\000o\000l\000u\000t\000i\000o\000n\000\050\000\051}{subsection.4.1.3}% 13
\BOOKMARK [2][-]{subsection.4.1.4}{\376\377\0004\000.\0001\000.\0004\000\040\000M\000e\000m\000b\000e\000r\000\040\000D\000a\000t\000a\000\040\000D\000o\000c\000u\000m\000e\000n\000t\000a\000t\000i\000o\000n}{section.4.1}% 14
\BOOKMARK [3][-]{subsubsection.4.1.4.1}{\376\377\0004\000.\0001\000.\0004\000.\0001\000\040\000n\000r\000o\000f\000e\000x\000p\000a\000n\000s\000i\000o\000n\000s}{subsection.4.1.4}% 15
\BOOKMARK [1][-]{section.4.2}{\376\377\0004\000.\0002\000\040\000C\000r\000a\000n\000k\000N\000i\000c\000o\000l\000s\000o\000n\000\040\000C\000l\000a\000s\000s\000\040\000R\000e\000f\000e\000r\000e\000n\000c\000e}{chapter.4}% 16
\BOOKMARK [2][-]{subsection.4.2.1}{\376\377\0004\000.\0002\000.\0001\000\040\000D\000e\000t\000a\000i\000l\000e\000d\000\040\000D\000e\000s\000c\000r\000i\000p\000t\000i\000o\000n}{section.4.2}% 17
\BOOKMARK [2][-]{subsection.4.2.2}{\376\377\0004\000.\0002\000.\0002\000\040\000C\000o\000n\000s\000t\000r\000u\000c\000t\000o\000r\000\040\000\046\000\040\000D\000e\000s\000t\000r\000u\000c\000t\000o\000r\000\040\000D\000o\000c\000u\000m\000e\000n\000t\000a\000t\000i\000o\000n}{section.4.2}% 18
\BOOKMARK [3][-]{subsubsection.4.2.2.1}{\376\377\0004\000.\0002\000.\0002\000.\0001\000\040\000C\000r\000a\000n\000k\000N\000i\000c\000o\000l\000s\000o\000n\000\050\000P\000r\000o\000b\000l\000e\000m\000\040\000p\000r\000o\000b\000l\000e\000m\000\051}{subsection.4.2.2}% 19
\BOOKMARK [2][-]{subsection.4.2.3}{\376\377\0004\000.\0002\000.\0003\000\040\000M\000e\000m\000b\000e\000r\000\040\000F\000u\000n\000c\000t\000i\000o\000n\000\040\000D\000o\000c\000u\000m\000e\000n\000t\000a\000t\000i\000o\000n}{section.4.2}% 20
\BOOKMARK [3][-]{subsubsection.4.2.3.1}{\376\377\0004\000.\0002\000.\0003\000.\0001\000\040\000b\000u\000i\000l\000d\000r\000\050\000V\000e\000c\000t\000o\000r\000\040\000p\000r\000e\000v\000i\000o\000u\000s\000s\000t\000e\000p\000\051}{subsection.4.2.3}% 21
\BOOKMARK [1][-]{section.4.3}{\376\377\0004\000.\0003\000\040\000D\000u\000f\000o\000r\000t\000F\000r\000a\000n\000k\000e\000l\000\040\000C\000l\000a\000s\000s\000\040\000R\000e\000f\000e\000r\000e\000n\000c\000e}{chapter.4}% 22
\BOOKMARK [2][-]{subsection.4.3.1}{\376\377\0004\000.\0003\000.\0001\000\040\000D\000e\000t\000a\000i\000l\000e\000d\000\040\000D\000e\000s\000c\000r\000i\000p\000t\000i\000o\000n}{section.4.3}% 23
\BOOKMARK [2][-]{subsection.4.3.2}{\376\377\0004\000.\0003\000.\0002\000\040\000C\000o\000n\000s\000t\000r\000u\000c\000t\000o\000r\000\040\000\046\000\040\000D\000e\000s\000t\000r\000u\000c\000t\000o\000r\000\040\000D\000o\000c\000u\000m\000e\000n\000t\000a\000t\000i\000o\000n}{section.4.3}% 24
\BOOKMARK [3][-]{subsubsection.4.3.2.1}{\376\377\0004\000.\0003\000.\0002\000.\0001\000\040\000D\000u\000f\000o\000r\000t\000F\000r\000a\000n\000k\000e\000l\000\050\000P\000r\000o\000b\000l\000e\000m\000\040\000p\000r\000o\000b\000l\000e\000m\000\051}{subsection.4.3.2}% 25
\BOOKMARK [2][-]{subsection.4.3.3}{\376\377\0004\000.\0003\000.\0003\000\040\000M\000e\000m\000b\000e\000r\000\040\000F\000u\000n\000c\000t\000i\000o\000n\000\040\000D\000o\000c\000u\000m\000e\000n\000t\000a\000t\000i\000o\000n}{section.4.3}% 26
\BOOKMARK [3][-]{subsubsection.4.3.3.1}{\376\377\0004\000.\0003\000.\0003\000.\0001\000\040\000b\000u\000i\000l\000d\000i\000t\000e\000r\000a\000t\000i\000o\000n\000\050\000V\000e\000c\000t\000o\000r\000\040\000c\000u\000r\000r\000e\000n\000t\000s\000t\000e\000p\000,\000\040\000V\000e\000c\000t\000o\000r\000\040\000p\000r\000e\000v\000i\000o\000u\000s\000s\000t\000e\000p\000\051}{subsection.4.3.3}% 27
\BOOKMARK [1][-]{section.4.4}{\376\377\0004\000.\0004\000\040\000E\000x\000p\000l\000i\000c\000i\000t\000\040\000C\000l\000a\000s\000s\000\040\000R\000e\000f\000e\000r\000e\000n\000c\000e}{chapter.4}% 28
\BOOKMARK [2][-]{subsection.4.4.1}{\376\377\0004\000.\0004\000.\0001\000\040\000D\000e\000t\000a\000i\000l\000e\000d\000\040\000D\000e\000s\000c\000r\000i\000p\000t\000i\000o\000n}{section.4.4}% 29
\BOOKMARK [2][-]{subsection.4.4.2}{\376\377\0004\000.\0004\000.\0002\000\040\000C\000o\000n\000s\000t\000r\000u\000c\000t\000o\000r\000\040\000\046\000\040\000D\000e\000s\000t\000r\000u\000c\000t\000o\000r\000\040\000D\000o\000c\000u\000m\000e\000n\000t\000a\000t\000i\000o\000n}{section.4.4}% 30
\BOOKMARK [3][-]{subsubsection.4.4.2.1}{\376\377\0004\000.\0004\000.\0002\000.\0001\000\040\000E\000x\000p\000l\000i\000c\000i\000t\000\050\000P\000r\000o\000b\000l\000e\000m\000\040\000p\000r\000o\000b\000l\000e\000m\000\051}{subsection.4.4.2}% 31
\BOOKMARK [2][-]{subsection.4.4.3}{\376\377\0004\000.\0004\000.\0003\000\040\000M\000e\000m\000b\000e\000r\000\040\000F\000u\000n\000c\000t\000i\000o\000n\000\040\000D\000o\000c\000u\000m\000e\000n\000t\000a\000t\000i\000o\000n}{section.4.4}% 32
\BOOKMARK [3][-]{subsubsection.4.4.3.1}{\376\377\0004\000.\0004\000.\0003\000.\0001\000\040\000b\000u\000i\000l\000d\000i\000t\000e\000r\000a\000t\000i\000o\000n\000\050\000V\000e\000c\000t\000o\000r\000\040\000c\000u\000r\000r\000e\000n\000t\000s\000t\000e\000p\000,\000\040\000V\000e\000c\000t\000o\000r\000\040\000p\000r\000e\000v\000i\000o\000u\000s\000s\000t\000e\000p\000\051\000=\0000}{subsection.4.4.3}% 33
\BOOKMARK [3][-]{subsubsection.4.4.3.2}{\376\377\0004\000.\0004\000.\0003\000.\0002\000\040\000c\000o\000m\000p\000u\000t\000e\000s\000o\000l\000u\000t\000i\000o\000n\000\050\000\051}{subsection.4.4.3}% 34
\BOOKMARK [1][-]{section.4.5}{\376\377\0004\000.\0005\000\040\000F\000T\000C\000S\000\040\000C\000l\000a\000s\000s\000\040\000R\000e\000f\000e\000r\000e\000n\000c\000e}{chapter.4}% 35
\BOOKMARK [2][-]{subsection.4.5.1}{\376\377\0004\000.\0005\000.\0001\000\040\000D\000e\000t\000a\000i\000l\000e\000d\000\040\000D\000e\000s\000c\000r\000i\000p\000t\000i\000o\000n}{section.4.5}% 36
\BOOKMARK [2][-]{subsection.4.5.2}{\376\377\0004\000.\0005\000.\0002\000\040\000C\000o\000n\000s\000t\000r\000u\000c\000t\000o\000r\000\040\000\046\000\040\000D\000e\000s\000t\000r\000u\000c\000t\000o\000r\000\040\000D\000o\000c\000u\000m\000e\000n\000t\000a\000t\000i\000o\000n}{section.4.5}% 37
\BOOKMARK [3][-]{subsubsection.4.5.2.1}{\376\377\0004\000.\0005\000.\0002\000.\0001\000\040\000F\000T\000C\000S\000\050\000P\000r\000o\000b\000l\000e\000m\000\040\000p\000r\000o\000b\000l\000e\000m\000\051}{subsection.4.5.2}% 38
\BOOKMARK [2][-]{subsection.4.5.3}{\376\377\0004\000.\0005\000.\0003\000\040\000M\000e\000m\000b\000e\000r\000\040\000F\000u\000n\000c\000t\000i\000o\000n\000\040\000D\000o\000c\000u\000m\000e\000n\000t\000a\000t\000i\000o\000n}{section.4.5}% 39
\BOOKMARK [3][-]{subsubsection.4.5.3.1}{\376\377\0004\000.\0005\000.\0003\000.\0001\000\040\000b\000u\000i\000l\000d\000i\000t\000e\000r\000a\000t\000i\000o\000n\000\050\000V\000e\000c\000t\000o\000r\000\040\000c\000u\000r\000r\000e\000n\000t\000s\000t\000e\000p\000,\000\040\000V\000e\000c\000t\000o\000r\000\040\000p\000r\000e\000v\000i\000o\000u\000s\000s\000t\000e\000p\000\051}{subsection.4.5.3}% 40
\BOOKMARK [1][-]{section.4.6}{\376\377\0004\000.\0006\000\040\000I\000m\000p\000l\000i\000c\000i\000t\000\040\000C\000l\000a\000s\000s\000\040\000R\000e\000f\000e\000r\000e\000n\000c\000e}{chapter.4}% 41
\BOOKMARK [2][-]{subsection.4.6.1}{\376\377\0004\000.\0006\000.\0001\000\040\000D\000e\000t\000a\000i\000l\000e\000d\000\040\000D\000e\000s\000c\000r\000i\000p\000t\000i\000o\000n}{section.4.6}% 42
\BOOKMARK [2][-]{subsection.4.6.2}{\376\377\0004\000.\0006\000.\0002\000\040\000C\000o\000n\000s\000t\000r\000u\000c\000t\000o\000r\000\040\000\046\000\040\000D\000e\000s\000t\000r\000u\000c\000t\000o\000r\000\040\000D\000o\000c\000u\000m\000e\000n\000t\000a\000t\000i\000o\000n}{section.4.6}% 43
\BOOKMARK [3][-]{subsubsection.4.6.2.1}{\376\377\0004\000.\0006\000.\0002\000.\0001\000\040\000I\000m\000p\000l\000i\000c\000i\000t\000\050\000P\000r\000o\000b\000l\000e\000m\000\040\000p\000r\000o\000b\000l\000e\000m\000\051}{subsection.4.6.2}% 44
\BOOKMARK [2][-]{subsection.4.6.3}{\376\377\0004\000.\0006\000.\0003\000\040\000M\000e\000m\000b\000e\000r\000\040\000F\000u\000n\000c\000t\000i\000o\000n\000\040\000D\000o\000c\000u\000m\000e\000n\000t\000a\000t\000i\000o\000n}{section.4.6}% 45
\BOOKMARK [3][-]{subsubsection.4.6.3.1}{\376\377\0004\000.\0006\000.\0003\000.\0001\000\040\000b\000u\000i\000l\000d\000r\000\050\000V\000e\000c\000t\000o\000r\000\040\000p\000r\000e\000v\000i\000o\000u\000s\000s\000t\000e\000p\000\051\000=\0000}{subsection.4.6.3}% 46
\BOOKMARK [3][-]{subsubsection.4.6.3.2}{\376\377\0004\000.\0006\000.\0003\000.\0002\000\040\000c\000o\000m\000p\000u\000t\000e\000s\000o\000l\000u\000t\000i\000o\000n\000\050\000\051}{subsection.4.6.3}% 47
\BOOKMARK [3][-]{subsubsection.4.6.3.3}{\376\377\0004\000.\0006\000.\0003\000.\0003\000\040\000t\000h\000o\000m\000a\000s\000a\000l\000g\000o\000r\000i\000t\000h\000m\000\050\000V\000e\000c\000t\000o\000r\000\040\000r\000,\000\040\000d\000o\000u\000b\000l\000e\000\040\000a\000,\000\040\000d\000o\000u\000b\000l\000e\000\040\000b\000,\000\040\000d\000o\000u\000b\000l\000e\000\040\000c\000\051}{subsection.4.6.3}% 48
\BOOKMARK [1][-]{section.4.7}{\376\377\0004\000.\0007\000\040\000I\000O\000M\000a\000n\000a\000g\000e\000r\000\040\000C\000l\000a\000s\000s\000\040\000R\000e\000f\000e\000r\000e\000n\000c\000e}{chapter.4}% 49
\BOOKMARK [2][-]{subsection.4.7.1}{\376\377\0004\000.\0007\000.\0001\000\040\000D\000e\000t\000a\000i\000l\000e\000d\000\040\000D\000e\000s\000c\000r\000i\000p\000t\000i\000o\000n}{section.4.7}% 50
\BOOKMARK [2][-]{subsection.4.7.2}{\376\377\0004\000.\0007\000.\0002\000\040\000C\000o\000n\000s\000t\000r\000u\000c\000t\000o\000r\000\040\000\046\000\040\000D\000e\000s\000t\000r\000u\000c\000t\000o\000r\000\040\000D\000o\000c\000u\000m\000e\000n\000t\000a\000t\000i\000o\000n}{section.4.7}% 51
\BOOKMARK [3][-]{subsubsection.4.7.2.1}{\376\377\0004\000.\0007\000.\0002\000.\0001\000\040\000I\000O\000M\000a\000n\000a\000g\000e\000r\000\050\000\051}{subsection.4.7.2}% 52
\BOOKMARK [2][-]{subsection.4.7.3}{\376\377\0004\000.\0007\000.\0003\000\040\000M\000e\000m\000b\000e\000r\000\040\000F\000u\000n\000c\000t\000i\000o\000n\000\040\000D\000o\000c\000u\000m\000e\000n\000t\000a\000t\000i\000o\000n}{section.4.7}% 53
\BOOKMARK [3][-]{subsubsection.4.7.3.1}{\376\377\0004\000.\0007\000.\0003\000.\0001\000\040\000c\000r\000e\000a\000t\000e\000o\000u\000t\000p\000u\000t\000d\000i\000r\000\050\000\051}{subsection.4.7.3}% 54
\BOOKMARK [3][-]{subsubsection.4.7.3.2}{\376\377\0004\000.\0007\000.\0003\000.\0002\000\040\000d\000o\000u\000b\000l\000e\000t\000o\000s\000t\000r\000i\000n\000g\000\050\000i\000n\000t\000\040\000p\000r\000e\000c\000i\000s\000i\000o\000n\000,\000\040\000d\000o\000u\000b\000l\000e\000\040\000v\000a\000l\000u\000e\000\051}{subsection.4.7.3}% 55
\BOOKMARK [3][-]{subsubsection.4.7.3.3}{\376\377\0004\000.\0007\000.\0003\000.\0003\000\040\000e\000r\000r\000o\000r\000t\000a\000b\000l\000e\000\050\000s\000t\000d\000:\000:\000s\000t\000r\000i\000n\000g\000\040\000o\000u\000t\000p\000u\000t\000n\000a\000m\000e\000,\000\040\000M\000e\000t\000h\000o\000d\000\040\000*\000a\000n\000a\000l\000y\000t\000i\000c\000a\000l\000,\000\040\000M\000e\000t\000h\000o\000d\000\040\000*\000m\000e\000t\000h\000o\000d\000\051}{subsection.4.7.3}% 56
\BOOKMARK [3][-]{subsubsection.4.7.3.4}{\376\377\0004\000.\0007\000.\0003\000.\0004\000\040\000e\000x\000p\000o\000r\000t\000o\000u\000t\000p\000u\000t\000s\000\050\000M\000e\000t\000h\000o\000d\000\040\000*\000a\000n\000a\000l\000y\000t\000i\000c\000a\000l\000,\000\040\000s\000t\000d\000:\000:\000v\000e\000c\000t\000o\000r\000<\000\040\000M\000e\000t\000h\000o\000d\000\040\000*\000\040\000>\000\040\000m\000e\000t\000h\000o\000d\000s\000\051}{subsection.4.7.3}% 57
\BOOKMARK [3][-]{subsubsection.4.7.3.5}{\376\377\0004\000.\0007\000.\0003\000.\0005\000\040\000p\000l\000o\000t\000l\000a\000a\000s\000o\000n\000e\000n\000t\000i\000m\000e\000s\000\050\000\051}{subsection.4.7.3}% 58
\BOOKMARK [3][-]{subsubsection.4.7.3.6}{\376\377\0004\000.\0007\000.\0003\000.\0006\000\040\000p\000l\000o\000t\000s\000o\000l\000u\000t\000i\000o\000n\000s\000\050\000s\000t\000d\000:\000:\000s\000t\000r\000i\000n\000g\000\040\000o\000u\000t\000p\000u\000t\000n\000a\000m\000e\000,\000\040\000M\000e\000t\000h\000o\000d\000\040\000*\000a\000n\000a\000l\000y\000t\000i\000c\000a\000l\000,\000\040\000M\000e\000t\000h\000o\000d\000\040\000*\000m\000e\000t\000h\000o\000d\000\051}{subsection.4.7.3}% 59
\BOOKMARK [2][-]{subsection.4.7.4}{\376\377\0004\000.\0007\000.\0004\000\040\000M\000e\000m\000b\000e\000r\000\040\000D\000a\000t\000a\000\040\000D\000o\000c\000u\000m\000e\000n\000t\000a\000t\000i\000o\000n}{section.4.7}% 60
\BOOKMARK [3][-]{subsubsection.4.7.4.1}{\376\377\0004\000.\0007\000.\0004\000.\0001\000\040\000d\000e\000f\000a\000u\000l\000t\000d\000e\000l\000t\000a\000t\000t\000i\000m\000e\000s}{subsection.4.7.4}% 61
\BOOKMARK [3][-]{subsubsection.4.7.4.2}{\376\377\0004\000.\0007\000.\0004\000.\0002\000\040\000l\000a\000a\000s\000o\000n\000e\000n\000t\000i\000m\000e\000s}{subsection.4.7.4}% 62
\BOOKMARK [3][-]{subsubsection.4.7.4.3}{\376\377\0004\000.\0007\000.\0004\000.\0003\000\040\000o\000u\000t\000p\000u\000t\000p\000a\000t\000h}{subsection.4.7.4}% 63
\BOOKMARK [1][-]{section.4.8}{\376\377\0004\000.\0008\000\040\000L\000a\000a\000s\000o\000n\000e\000n\000\040\000C\000l\000a\000s\000s\000\040\000R\000e\000f\000e\000r\000e\000n\000c\000e}{chapter.4}% 64
\BOOKMARK [2][-]{subsection.4.8.1}{\376\377\0004\000.\0008\000.\0001\000\040\000D\000e\000t\000a\000i\000l\000e\000d\000\040\000D\000e\000s\000c\000r\000i\000p\000t\000i\000o\000n}{section.4.8}% 65
\BOOKMARK [2][-]{subsection.4.8.2}{\376\377\0004\000.\0008\000.\0002\000\040\000C\000o\000n\000s\000t\000r\000u\000c\000t\000o\000r\000\040\000\046\000\040\000D\000e\000s\000t\000r\000u\000c\000t\000o\000r\000\040\000D\000o\000c\000u\000m\000e\000n\000t\000a\000t\000i\000o\000n}{section.4.8}% 66
\BOOKMARK [3][-]{subsubsection.4.8.2.1}{\376\377\0004\000.\0008\000.\0002\000.\0001\000\040\000L\000a\000a\000s\000o\000n\000e\000n\000\050\000P\000r\000o\000b\000l\000e\000m\000\040\000p\000r\000o\000b\000l\000e\000m\000\051}{subsection.4.8.2}% 67
\BOOKMARK [2][-]{subsection.4.8.3}{\376\377\0004\000.\0008\000.\0003\000\040\000M\000e\000m\000b\000e\000r\000\040\000F\000u\000n\000c\000t\000i\000o\000n\000\040\000D\000o\000c\000u\000m\000e\000n\000t\000a\000t\000i\000o\000n}{section.4.8}% 68
\BOOKMARK [3][-]{subsubsection.4.8.3.1}{\376\377\0004\000.\0008\000.\0003\000.\0001\000\040\000b\000u\000i\000l\000d\000r\000\050\000V\000e\000c\000t\000o\000r\000\040\000p\000r\000e\000v\000i\000o\000u\000s\000s\000t\000e\000p\000\051}{subsection.4.8.3}% 69
\BOOKMARK [1][-]{section.4.9}{\376\377\0004\000.\0009\000\040\000M\000a\000t\000r\000i\000x\000\040\000C\000l\000a\000s\000s\000\040\000R\000e\000f\000e\000r\000e\000n\000c\000e}{chapter.4}% 70
\BOOKMARK [2][-]{subsection.4.9.1}{\376\377\0004\000.\0009\000.\0001\000\040\000D\000e\000t\000a\000i\000l\000e\000d\000\040\000D\000e\000s\000c\000r\000i\000p\000t\000i\000o\000n}{section.4.9}% 71
\BOOKMARK [2][-]{subsection.4.9.2}{\376\377\0004\000.\0009\000.\0002\000\040\000M\000e\000m\000b\000e\000r\000\040\000T\000y\000p\000e\000d\000e\000f\000\040\000D\000o\000c\000u\000m\000e\000n\000t\000a\000t\000i\000o\000n}{section.4.9}% 72
\BOOKMARK [3][-]{subsubsection.4.9.2.1}{\376\377\0004\000.\0009\000.\0002\000.\0001\000\040\000v\000e\000c}{subsection.4.9.2}% 73
\BOOKMARK [2][-]{subsection.4.9.3}{\376\377\0004\000.\0009\000.\0003\000\040\000C\000o\000n\000s\000t\000r\000u\000c\000t\000o\000r\000\040\000\046\000\040\000D\000e\000s\000t\000r\000u\000c\000t\000o\000r\000\040\000D\000o\000c\000u\000m\000e\000n\000t\000a\000t\000i\000o\000n}{section.4.9}% 74
\BOOKMARK [3][-]{subsubsection.4.9.3.1}{\376\377\0004\000.\0009\000.\0003\000.\0001\000\040\000M\000a\000t\000r\000i\000x\000\050\000\051}{subsection.4.9.3}% 75
\BOOKMARK [3][-]{subsubsection.4.9.3.2}{\376\377\0004\000.\0009\000.\0003\000.\0002\000\040\000M\000a\000t\000r\000i\000x\000\050\000i\000n\000t\000\040\000N\000r\000o\000w\000s\000,\000\040\000i\000n\000t\000\040\000N\000c\000o\000l\000s\000\051}{subsection.4.9.3}% 76
\BOOKMARK [3][-]{subsubsection.4.9.3.3}{\376\377\0004\000.\0009\000.\0003\000.\0003\000\040\000M\000a\000t\000r\000i\000x\000\050\000c\000o\000n\000s\000t\000\040\000M\000a\000t\000r\000i\000x\000\040\000m\000\051}{subsection.4.9.3}% 77
\BOOKMARK [2][-]{subsection.4.9.4}{\376\377\0004\000.\0009\000.\0004\000\040\000M\000e\000m\000b\000e\000r\000\040\000F\000u\000n\000c\000t\000i\000o\000n\000\040\000D\000o\000c\000u\000m\000e\000n\000t\000a\000t\000i\000o\000n}{section.4.9}% 78
\BOOKMARK [3][-]{subsubsection.4.9.4.1}{\376\377\0004\000.\0009\000.\0004\000.\0001\000\040\000g\000e\000t\000N\000c\000o\000l\000s\000\050\000\051\000\040\000c\000o\000n\000s\000t\000\040}{subsection.4.9.4}% 79
\BOOKMARK [3][-]{subsubsection.4.9.4.2}{\376\377\0004\000.\0009\000.\0004\000.\0002\000\040\000g\000e\000t\000N\000r\000o\000w\000s\000\050\000\051\000\040\000c\000o\000n\000s\000t\000\040}{subsection.4.9.4}% 80
\BOOKMARK [3][-]{subsubsection.4.9.4.3}{\376\377\0004\000.\0009\000.\0004\000.\0003\000\040\000m\000u\000l\000t\000\050\000c\000o\000n\000s\000t\000\040\000M\000a\000t\000r\000i\000x\000\040\000a\000\051\000\040\000c\000o\000n\000s\000t\000\040}{subsection.4.9.4}% 81
\BOOKMARK [3][-]{subsubsection.4.9.4.4}{\376\377\0004\000.\0009\000.\0004\000.\0004\000\040\000o\000n\000e\000n\000o\000r\000m\000\050\000\051\000\040\000c\000o\000n\000s\000t\000\040}{subsection.4.9.4}% 82
\BOOKMARK [3][-]{subsubsection.4.9.4.5}{\376\377\0004\000.\0009\000.\0004\000.\0005\000\040\000o\000p\000e\000r\000a\000t\000o\000r\000*\000\050\000c\000o\000n\000s\000t\000\040\000M\000a\000t\000r\000i\000x\000\040\000a\000\051\000\040\000c\000o\000n\000s\000t\000\040}{subsection.4.9.4}% 83
\BOOKMARK [3][-]{subsubsection.4.9.4.6}{\376\377\0004\000.\0009\000.\0004\000.\0006\000\040\000o\000p\000e\000r\000a\000t\000o\000r\000*\000\050\000c\000o\000n\000s\000t\000\040\000V\000e\000c\000t\000o\000r\000\040\000v\000\051\000\040\000c\000o\000n\000s\000t\000\040}{subsection.4.9.4}% 84
\BOOKMARK [3][-]{subsubsection.4.9.4.7}{\376\377\0004\000.\0009\000.\0004\000.\0007\000\040\000o\000p\000e\000r\000a\000t\000o\000r\000=\000\050\000c\000o\000n\000s\000t\000\040\000M\000a\000t\000r\000i\000x\000\040\000m\000\051}{subsection.4.9.4}% 85
\BOOKMARK [3][-]{subsubsection.4.9.4.8}{\376\377\0004\000.\0009\000.\0004\000.\0008\000\040\000o\000p\000e\000r\000a\000t\000o\000r\000=\000=\000\050\000c\000o\000n\000s\000t\000\040\000M\000a\000t\000r\000i\000x\000\040\000m\000\051\000\040\000c\000o\000n\000s\000t\000\040}{subsection.4.9.4}% 86
\BOOKMARK [3][-]{subsubsection.4.9.4.9}{\376\377\0004\000.\0009\000.\0004\000.\0009\000\040\000s\000e\000t\000r\000o\000w\000\050\000i\000n\000t\000\040\000i\000n\000d\000e\000x\000,\000\040\000V\000e\000c\000t\000o\000r\000\040\000v\000\051}{subsection.4.9.4}% 87
\BOOKMARK [3][-]{subsubsection.4.9.4.10}{\376\377\0004\000.\0009\000.\0004\000.\0001\0000\000\040\000t\000r\000a\000n\000s\000p\000o\000s\000e\000\050\000\051\000\040\000c\000o\000n\000s\000t\000\040}{subsection.4.9.4}% 88
\BOOKMARK [3][-]{subsubsection.4.9.4.11}{\376\377\0004\000.\0009\000.\0004\000.\0001\0001\000\040\000t\000w\000o\000n\000o\000r\000m\000\050\000\051\000\040\000c\000o\000n\000s\000t\000\040}{subsection.4.9.4}% 89
\BOOKMARK [3][-]{subsubsection.4.9.4.12}{\376\377\0004\000.\0009\000.\0004\000.\0001\0002\000\040\000u\000n\000i\000f\000o\000r\000m\000n\000o\000r\000m\000\050\000\051\000\040\000c\000o\000n\000s\000t\000\040}{subsection.4.9.4}% 90
\BOOKMARK [2][-]{subsection.4.9.5}{\376\377\0004\000.\0009\000.\0005\000\040\000F\000r\000i\000e\000n\000d\000s\000\040\000A\000n\000d\000\040\000R\000e\000l\000a\000t\000e\000d\000\040\000F\000u\000n\000c\000t\000i\000o\000n\000\040\000D\000o\000c\000u\000m\000e\000n\000t\000a\000t\000i\000o\000n}{section.4.9}% 91
\BOOKMARK [3][-]{subsubsection.4.9.5.1}{\376\377\0004\000.\0009\000.\0005\000.\0001\000\040\000o\000p\000e\000r\000a\000t\000o\000r\000<\000<}{subsection.4.9.5}% 92
\BOOKMARK [3][-]{subsubsection.4.9.5.2}{\376\377\0004\000.\0009\000.\0005\000.\0002\000\040\000o\000p\000e\000r\000a\000t\000o\000r\000<\000<}{subsection.4.9.5}% 93
\BOOKMARK [3][-]{subsubsection.4.9.5.3}{\376\377\0004\000.\0009\000.\0005\000.\0003\000\040\000o\000p\000e\000r\000a\000t\000o\000r\000>\000>}{subsection.4.9.5}% 94
\BOOKMARK [3][-]{subsubsection.4.9.5.4}{\376\377\0004\000.\0009\000.\0005\000.\0004\000\040\000o\000p\000e\000r\000a\000t\000o\000r\000>\000>}{subsection.4.9.5}% 95
\BOOKMARK [1][-]{section.4.10}{\376\377\0004\000.\0001\0000\000\040\000M\000e\000t\000h\000o\000d\000\040\000C\000l\000a\000s\000s\000\040\000R\000e\000f\000e\000r\000e\000n\000c\000e}{chapter.4}% 96
\BOOKMARK [2][-]{subsection.4.10.1}{\376\377\0004\000.\0001\0000\000.\0001\000\040\000D\000e\000t\000a\000i\000l\000e\000d\000\040\000D\000e\000s\000c\000r\000i\000p\000t\000i\000o\000n}{section.4.10}% 97
\BOOKMARK [2][-]{subsection.4.10.2}{\376\377\0004\000.\0001\0000\000.\0002\000\040\000C\000o\000n\000s\000t\000r\000u\000c\000t\000o\000r\000\040\000\046\000\040\000D\000e\000s\000t\000r\000u\000c\000t\000o\000r\000\040\000D\000o\000c\000u\000m\000e\000n\000t\000a\000t\000i\000o\000n}{section.4.10}% 98
\BOOKMARK [3][-]{subsubsection.4.10.2.1}{\376\377\0004\000.\0001\0000\000.\0002\000.\0001\000\040\000M\000e\000t\000h\000o\000d\000\050\000\051}{subsection.4.10.2}% 99
\BOOKMARK [3][-]{subsubsection.4.10.2.2}{\376\377\0004\000.\0001\0000\000.\0002\000.\0002\000\040\000M\000e\000t\000h\000o\000d\000\050\000P\000r\000o\000b\000l\000e\000m\000\040\000p\000r\000o\000b\000l\000e\000m\000\051}{subsection.4.10.2}% 100
\BOOKMARK [2][-]{subsection.4.10.3}{\376\377\0004\000.\0001\0000\000.\0003\000\040\000M\000e\000m\000b\000e\000r\000\040\000F\000u\000n\000c\000t\000i\000o\000n\000\040\000D\000o\000c\000u\000m\000e\000n\000t\000a\000t\000i\000o\000n}{section.4.10}% 101
\BOOKMARK [3][-]{subsubsection.4.10.3.1}{\376\377\0004\000.\0001\0000\000.\0003\000.\0001\000\040\000c\000o\000m\000p\000u\000t\000e\000\050\000\051}{subsection.4.10.3}% 102
\BOOKMARK [3][-]{subsubsection.4.10.3.2}{\376\377\0004\000.\0001\0000\000.\0003\000.\0002\000\040\000c\000o\000m\000p\000u\000t\000e\000s\000o\000l\000u\000t\000i\000o\000n\000\050\000\051\000=\0000}{subsection.4.10.3}% 103
\BOOKMARK [3][-]{subsubsection.4.10.3.3}{\376\377\0004\000.\0001\0000\000.\0003\000.\0003\000\040\000g\000e\000t\000c\000o\000m\000p\000u\000t\000a\000t\000i\000o\000n\000a\000l\000t\000i\000m\000e\000\050\000\051}{subsection.4.10.3}% 104
\BOOKMARK [3][-]{subsubsection.4.10.3.4}{\376\377\0004\000.\0001\0000\000.\0003\000.\0004\000\040\000g\000e\000t\000d\000e\000l\000t\000a\000t\000\050\000\051}{subsection.4.10.3}% 105
\BOOKMARK [3][-]{subsubsection.4.10.3.5}{\376\377\0004\000.\0001\0000\000.\0003\000.\0005\000\040\000g\000e\000t\000n\000a\000m\000e\000\050\000\051}{subsection.4.10.3}% 106
\BOOKMARK [3][-]{subsubsection.4.10.3.6}{\376\377\0004\000.\0001\0000\000.\0003\000.\0006\000\040\000g\000e\000t\000s\000o\000l\000u\000t\000i\000o\000n\000\050\000\051}{subsection.4.10.3}% 107
\BOOKMARK [3][-]{subsubsection.4.10.3.7}{\376\377\0004\000.\0001\0000\000.\0003\000.\0007\000\040\000g\000e\000t\000x\000v\000a\000l\000u\000e\000s\000\050\000\051}{subsection.4.10.3}% 108
\BOOKMARK [2][-]{subsection.4.10.4}{\376\377\0004\000.\0001\0000\000.\0004\000\040\000M\000e\000m\000b\000e\000r\000\040\000D\000a\000t\000a\000\040\000D\000o\000c\000u\000m\000e\000n\000t\000a\000t\000i\000o\000n}{section.4.10}% 109
\BOOKMARK [3][-]{subsubsection.4.10.4.1}{\376\377\0004\000.\0001\0000\000.\0004\000.\0001\000\040\000c\000o\000m\000p\000u\000t\000a\000t\000i\000o\000n\000a\000l\000t\000i\000m\000e}{subsection.4.10.4}% 110
\BOOKMARK [3][-]{subsubsection.4.10.4.2}{\376\377\0004\000.\0001\0000\000.\0004\000.\0002\000\040\000n\000a\000m\000e}{subsection.4.10.4}% 111
\BOOKMARK [3][-]{subsubsection.4.10.4.3}{\376\377\0004\000.\0001\0000\000.\0004\000.\0003\000\040\000p\000r\000o\000b\000l\000e\000m}{subsection.4.10.4}% 112
\BOOKMARK [3][-]{subsubsection.4.10.4.4}{\376\377\0004\000.\0001\0000\000.\0004\000.\0004\000\040\000q}{subsection.4.10.4}% 113
\BOOKMARK [1][-]{section.4.11}{\376\377\0004\000.\0001\0001\000\040\000P\000r\000o\000b\000l\000e\000m\000\040\000C\000l\000a\000s\000s\000\040\000R\000e\000f\000e\000r\000e\000n\000c\000e}{chapter.4}% 114
\BOOKMARK [2][-]{subsection.4.11.1}{\376\377\0004\000.\0001\0001\000.\0001\000\040\000D\000e\000t\000a\000i\000l\000e\000d\000\040\000D\000e\000s\000c\000r\000i\000p\000t\000i\000o\000n}{section.4.11}% 115
\BOOKMARK [2][-]{subsection.4.11.2}{\376\377\0004\000.\0001\0001\000.\0002\000\040\000C\000o\000n\000s\000t\000r\000u\000c\000t\000o\000r\000\040\000\046\000\040\000D\000e\000s\000t\000r\000u\000c\000t\000o\000r\000\040\000D\000o\000c\000u\000m\000e\000n\000t\000a\000t\000i\000o\000n}{section.4.11}% 116
\BOOKMARK [3][-]{subsubsection.4.11.2.1}{\376\377\0004\000.\0001\0001\000.\0002\000.\0001\000\040\000P\000r\000o\000b\000l\000e\000m\000\050\000\051}{subsection.4.11.2}% 117
\BOOKMARK [3][-]{subsubsection.4.11.2.2}{\376\377\0004\000.\0001\0001\000.\0002\000.\0002\000\040\000P\000r\000o\000b\000l\000e\000m\000\050\000d\000o\000u\000b\000l\000e\000\040\000d\000t\000,\000\040\000d\000o\000u\000b\000l\000e\000\040\000d\000x\000\051}{subsection.4.11.2}% 118
\BOOKMARK [2][-]{subsection.4.11.3}{\376\377\0004\000.\0001\0001\000.\0003\000\040\000M\000e\000m\000b\000e\000r\000\040\000F\000u\000n\000c\000t\000i\000o\000n\000\040\000D\000o\000c\000u\000m\000e\000n\000t\000a\000t\000i\000o\000n}{section.4.11}% 119
\BOOKMARK [3][-]{subsubsection.4.11.3.1}{\376\377\0004\000.\0001\0001\000.\0003\000.\0001\000\040\000g\000e\000t\000d\000e\000l\000t\000a\000t\000\050\000\051}{subsection.4.11.3}% 120
\BOOKMARK [3][-]{subsubsection.4.11.3.2}{\376\377\0004\000.\0001\0001\000.\0003\000.\0002\000\040\000g\000e\000t\000d\000e\000l\000t\000a\000x\000\050\000\051}{subsection.4.11.3}% 121
\BOOKMARK [3][-]{subsubsection.4.11.3.3}{\376\377\0004\000.\0001\0001\000.\0003\000.\0003\000\040\000g\000e\000t\000f\000i\000r\000s\000t\000r\000o\000w\000\050\000\051}{subsection.4.11.3}% 122
\BOOKMARK [3][-]{subsubsection.4.11.3.4}{\376\377\0004\000.\0001\0001\000.\0003\000.\0004\000\040\000g\000e\000t\000s\000o\000l\000u\000t\000i\000o\000n\000\050\000\051}{subsection.4.11.3}% 123
\BOOKMARK [3][-]{subsubsection.4.11.3.5}{\376\377\0004\000.\0001\0001\000.\0003\000.\0005\000\040\000g\000e\000t\000t\000s\000i\000z\000e\000\050\000\051}{subsection.4.11.3}% 124
\BOOKMARK [3][-]{subsubsection.4.11.3.6}{\376\377\0004\000.\0001\0001\000.\0003\000.\0006\000\040\000g\000e\000t\000t\000v\000a\000l\000u\000e\000s\000\050\000\051}{subsection.4.11.3}% 125
\BOOKMARK [3][-]{subsubsection.4.11.3.7}{\376\377\0004\000.\0001\0001\000.\0003\000.\0007\000\040\000g\000e\000t\000x\000s\000i\000z\000e\000\050\000\051}{subsection.4.11.3}% 126
\BOOKMARK [3][-]{subsubsection.4.11.3.8}{\376\377\0004\000.\0001\0001\000.\0003\000.\0008\000\040\000g\000e\000t\000x\000v\000a\000l\000u\000e\000s\000\050\000\051}{subsection.4.11.3}% 127
\BOOKMARK [3][-]{subsubsection.4.11.3.9}{\376\377\0004\000.\0001\0001\000.\0003\000.\0009\000\040\000s\000e\000t\000i\000n\000i\000t\000i\000a\000l\000c\000o\000n\000d\000i\000t\000i\000o\000n\000s\000\050\000\051}{subsection.4.11.3}% 128
\BOOKMARK [3][-]{subsubsection.4.11.3.10}{\376\377\0004\000.\0001\0001\000.\0003\000.\0001\0000\000\040\000s\000e\000t\000t\000v\000a\000l\000u\000e\000s\000\050\000\051}{subsection.4.11.3}% 129
\BOOKMARK [3][-]{subsubsection.4.11.3.11}{\376\377\0004\000.\0001\0001\000.\0003\000.\0001\0001\000\040\000s\000e\000t\000t\000i\000m\000e\000s\000t\000e\000p\000\050\000V\000e\000c\000t\000o\000r\000\040\000s\000t\000e\000p\000,\000\040\000d\000o\000u\000b\000l\000e\000\040\000t\000i\000m\000e\000\051}{subsection.4.11.3}% 130
\BOOKMARK [3][-]{subsubsection.4.11.3.12}{\376\377\0004\000.\0001\0001\000.\0003\000.\0001\0002\000\040\000s\000e\000t\000x\000v\000a\000l\000u\000e\000s\000\050\000\051}{subsection.4.11.3}% 131
\BOOKMARK [2][-]{subsection.4.11.4}{\376\377\0004\000.\0001\0001\000.\0004\000\040\000M\000e\000m\000b\000e\000r\000\040\000D\000a\000t\000a\000\040\000D\000o\000c\000u\000m\000e\000n\000t\000a\000t\000i\000o\000n}{section.4.11}% 132
\BOOKMARK [3][-]{subsubsection.4.11.4.1}{\376\377\0004\000.\0001\0001\000.\0004\000.\0001\000\040\000d\000e\000l\000t\000a\000t}{subsection.4.11.4}% 133
\BOOKMARK [3][-]{subsubsection.4.11.4.2}{\376\377\0004\000.\0001\0001\000.\0004\000.\0002\000\040\000d\000e\000l\000t\000a\000x}{subsection.4.11.4}% 134
\BOOKMARK [3][-]{subsubsection.4.11.4.3}{\376\377\0004\000.\0001\0001\000.\0004\000.\0003\000\040\000s\000o\000l\000u\000t\000i\000o\000n}{subsection.4.11.4}% 135
\BOOKMARK [3][-]{subsubsection.4.11.4.4}{\376\377\0004\000.\0001\0001\000.\0004\000.\0004\000\040\000t\000s\000i\000z\000e}{subsection.4.11.4}% 136
\BOOKMARK [3][-]{subsubsection.4.11.4.5}{\376\377\0004\000.\0001\0001\000.\0004\000.\0005\000\040\000t\000v\000a\000l\000u\000e\000s}{subsection.4.11.4}% 137
\BOOKMARK [3][-]{subsubsection.4.11.4.6}{\376\377\0004\000.\0001\0001\000.\0004\000.\0006\000\040\000x\000s\000i\000z\000e}{subsection.4.11.4}% 138
\BOOKMARK [3][-]{subsubsection.4.11.4.7}{\376\377\0004\000.\0001\0001\000.\0004\000.\0007\000\040\000x\000v\000a\000l\000u\000e\000s}{subsection.4.11.4}% 139
\BOOKMARK [1][-]{section.4.12}{\376\377\0004\000.\0001\0002\000\040\000R\000i\000c\000h\000a\000r\000d\000s\000o\000n\000\040\000C\000l\000a\000s\000s\000\040\000R\000e\000f\000e\000r\000e\000n\000c\000e}{chapter.4}% 140
\BOOKMARK [2][-]{subsection.4.12.1}{\376\377\0004\000.\0001\0002\000.\0001\000\040\000D\000e\000t\000a\000i\000l\000e\000d\000\040\000D\000e\000s\000c\000r\000i\000p\000t\000i\000o\000n}{section.4.12}% 141
\BOOKMARK [2][-]{subsection.4.12.2}{\376\377\0004\000.\0001\0002\000.\0002\000\040\000C\000o\000n\000s\000t\000r\000u\000c\000t\000o\000r\000\040\000\046\000\040\000D\000e\000s\000t\000r\000u\000c\000t\000o\000r\000\040\000D\000o\000c\000u\000m\000e\000n\000t\000a\000t\000i\000o\000n}{section.4.12}% 142
\BOOKMARK [3][-]{subsubsection.4.12.2.1}{\376\377\0004\000.\0001\0002\000.\0002\000.\0001\000\040\000R\000i\000c\000h\000a\000r\000d\000s\000o\000n\000\050\000P\000r\000o\000b\000l\000e\000m\000\040\000p\000r\000o\000b\000l\000e\000m\000\051}{subsection.4.12.2}% 143
\BOOKMARK [2][-]{subsection.4.12.3}{\376\377\0004\000.\0001\0002\000.\0003\000\040\000M\000e\000m\000b\000e\000r\000\040\000F\000u\000n\000c\000t\000i\000o\000n\000\040\000D\000o\000c\000u\000m\000e\000n\000t\000a\000t\000i\000o\000n}{section.4.12}% 144
\BOOKMARK [3][-]{subsubsection.4.12.3.1}{\376\377\0004\000.\0001\0002\000.\0003\000.\0001\000\040\000b\000u\000i\000l\000d\000i\000t\000e\000r\000a\000t\000i\000o\000n\000\050\000V\000e\000c\000t\000o\000r\000\040\000c\000u\000r\000r\000e\000n\000t\000s\000t\000e\000p\000,\000\040\000V\000e\000c\000t\000o\000r\000\040\000p\000r\000e\000v\000i\000o\000u\000s\000s\000t\000e\000p\000\051}{subsection.4.12.3}% 145
\BOOKMARK [1][-]{section.4.13}{\376\377\0004\000.\0001\0003\000\040\000V\000e\000c\000t\000o\000r\000\040\000C\000l\000a\000s\000s\000\040\000R\000e\000f\000e\000r\000e\000n\000c\000e}{chapter.4}% 146
\BOOKMARK [2][-]{subsection.4.13.1}{\376\377\0004\000.\0001\0003\000.\0001\000\040\000D\000e\000t\000a\000i\000l\000e\000d\000\040\000D\000e\000s\000c\000r\000i\000p\000t\000i\000o\000n}{section.4.13}% 147
\BOOKMARK [2][-]{subsection.4.13.2}{\376\377\0004\000.\0001\0003\000.\0002\000\040\000M\000e\000m\000b\000e\000r\000\040\000T\000y\000p\000e\000d\000e\000f\000\040\000D\000o\000c\000u\000m\000e\000n\000t\000a\000t\000i\000o\000n}{section.4.13}% 148
\BOOKMARK [3][-]{subsubsection.4.13.2.1}{\376\377\0004\000.\0001\0003\000.\0002\000.\0001\000\040\000v\000e\000c}{subsection.4.13.2}% 149
\BOOKMARK [2][-]{subsection.4.13.3}{\376\377\0004\000.\0001\0003\000.\0003\000\040\000C\000o\000n\000s\000t\000r\000u\000c\000t\000o\000r\000\040\000\046\000\040\000D\000e\000s\000t\000r\000u\000c\000t\000o\000r\000\040\000D\000o\000c\000u\000m\000e\000n\000t\000a\000t\000i\000o\000n}{section.4.13}% 150
\BOOKMARK [3][-]{subsubsection.4.13.3.1}{\376\377\0004\000.\0001\0003\000.\0003\000.\0001\000\040\000V\000e\000c\000t\000o\000r\000\050\000\051}{subsection.4.13.3}% 151
\BOOKMARK [3][-]{subsubsection.4.13.3.2}{\376\377\0004\000.\0001\0003\000.\0003\000.\0002\000\040\000V\000e\000c\000t\000o\000r\000\050\000i\000n\000t\000\040\000N\000u\000m\000\051}{subsection.4.13.3}% 152
\BOOKMARK [3][-]{subsubsection.4.13.3.3}{\376\377\0004\000.\0001\0003\000.\0003\000.\0003\000\040\000V\000e\000c\000t\000o\000r\000\050\000c\000o\000n\000s\000t\000\040\000V\000e\000c\000t\000o\000r\000\040\000v\000\051}{subsection.4.13.3}% 153
\BOOKMARK [3][-]{subsubsection.4.13.3.4}{\376\377\0004\000.\0001\0003\000.\0003\000.\0004\000\040\000V\000e\000c\000t\000o\000r\000\050\000s\000t\000d\000:\000:\000v\000e\000c\000t\000o\000r\000<\000\040\000d\000o\000u\000b\000l\000e\000\040\000>\000\040\000v\000e\000c\000\051}{subsection.4.13.3}% 154
\BOOKMARK [2][-]{subsection.4.13.4}{\376\377\0004\000.\0001\0003\000.\0004\000\040\000M\000e\000m\000b\000e\000r\000\040\000F\000u\000n\000c\000t\000i\000o\000n\000\040\000D\000o\000c\000u\000m\000e\000n\000t\000a\000t\000i\000o\000n}{section.4.13}% 155
\BOOKMARK [3][-]{subsubsection.4.13.4.1}{\376\377\0004\000.\0001\0003\000.\0004\000.\0001\000\040\000f\000i\000n\000d\000\050\000d\000o\000u\000b\000l\000e\000\040\000v\000a\000l\000u\000e\000\051}{subsection.4.13.4}% 156
\BOOKMARK [3][-]{subsubsection.4.13.4.2}{\376\377\0004\000.\0001\0003\000.\0004\000.\0002\000\040\000g\000e\000t\000S\000i\000z\000e\000\050\000\051\000\040\000c\000o\000n\000s\000t\000\040}{subsection.4.13.4}% 157
\BOOKMARK [3][-]{subsubsection.4.13.4.3}{\376\377\0004\000.\0001\0003\000.\0004\000.\0003\000\040\000o\000n\000e\000n\000o\000r\000m\000\050\000\051\000\040\000c\000o\000n\000s\000t\000\040}{subsection.4.13.4}% 158
\BOOKMARK [3][-]{subsubsection.4.13.4.4}{\376\377\0004\000.\0001\0003\000.\0004\000.\0004\000\040\000o\000p\000e\000r\000a\000t\000o\000r\000=\000\050\000c\000o\000n\000s\000t\000\040\000V\000e\000c\000t\000o\000r\000\040\000v\000\051}{subsection.4.13.4}% 159
\BOOKMARK [3][-]{subsubsection.4.13.4.5}{\376\377\0004\000.\0001\0003\000.\0004\000.\0005\000\040\000o\000p\000e\000r\000a\000t\000o\000r\000=\000=\000\050\000c\000o\000n\000s\000t\000\040\000V\000e\000c\000t\000o\000r\000\040\000v\000\051\000\040\000c\000o\000n\000s\000t\000\040}{subsection.4.13.4}% 160
\BOOKMARK [3][-]{subsubsection.4.13.4.6}{\376\377\0004\000.\0001\0003\000.\0004\000.\0006\000\040\000p\000u\000s\000h\000\050\000d\000o\000u\000b\000l\000e\000\040\000v\000a\000l\000u\000e\000\051}{subsection.4.13.4}% 161
\BOOKMARK [3][-]{subsubsection.4.13.4.7}{\376\377\0004\000.\0001\0003\000.\0004\000.\0007\000\040\000p\000u\000s\000h\000f\000r\000o\000n\000t\000b\000a\000c\000k\000\050\000d\000o\000u\000b\000l\000e\000\040\000v\000a\000l\000u\000e\000\051}{subsection.4.13.4}% 162
\BOOKMARK [3][-]{subsubsection.4.13.4.8}{\376\377\0004\000.\0001\0003\000.\0004\000.\0008\000\040\000t\000w\000o\000n\000o\000r\000m\000\050\000\051\000\040\000c\000o\000n\000s\000t\000\040}{subsection.4.13.4}% 163
\BOOKMARK [3][-]{subsubsection.4.13.4.9}{\376\377\0004\000.\0001\0003\000.\0004\000.\0009\000\040\000u\000n\000i\000f\000o\000r\000m\000n\000o\000r\000m\000\050\000\051\000\040\000c\000o\000n\000s\000t\000\040}{subsection.4.13.4}% 164
\BOOKMARK [2][-]{subsection.4.13.5}{\376\377\0004\000.\0001\0003\000.\0005\000\040\000F\000r\000i\000e\000n\000d\000s\000\040\000A\000n\000d\000\040\000R\000e\000l\000a\000t\000e\000d\000\040\000F\000u\000n\000c\000t\000i\000o\000n\000\040\000D\000o\000c\000u\000m\000e\000n\000t\000a\000t\000i\000o\000n}{section.4.13}% 165
\BOOKMARK [3][-]{subsubsection.4.13.5.1}{\376\377\0004\000.\0001\0003\000.\0005\000.\0001\000\040\000o\000p\000e\000r\000a\000t\000o\000r\000<\000<}{subsection.4.13.5}% 166
\BOOKMARK [3][-]{subsubsection.4.13.5.2}{\376\377\0004\000.\0001\0003\000.\0005\000.\0002\000\040\000o\000p\000e\000r\000a\000t\000o\000r\000<\000<}{subsection.4.13.5}% 167
\BOOKMARK [3][-]{subsubsection.4.13.5.3}{\376\377\0004\000.\0001\0003\000.\0005\000.\0003\000\040\000o\000p\000e\000r\000a\000t\000o\000r\000>\000>}{subsection.4.13.5}% 168
\BOOKMARK [3][-]{subsubsection.4.13.5.4}{\376\377\0004\000.\0001\0003\000.\0005\000.\0004\000\040\000o\000p\000e\000r\000a\000t\000o\000r\000>\000>}{subsection.4.13.5}% 169
\BOOKMARK [0][-]{chapter.5}{\376\377\0005\000\040\000F\000i\000l\000e\000\040\000D\000o\000c\000u\000m\000e\000n\000t\000a\000t\000i\000o\000n}{}% 170
\BOOKMARK [1][-]{section.5.1}{\376\377\0005\000.\0001\000\040\000g\000r\000i\000d\000/\000m\000a\000t\000r\000i\000x\000.\000c\000p\000p\000\040\000F\000i\000l\000e\000\040\000R\000e\000f\000e\000r\000e\000n\000c\000e}{chapter.5}% 171
\BOOKMARK [2][-]{subsection.5.1.1}{\376\377\0005\000.\0001\000.\0001\000\040\000F\000u\000n\000c\000t\000i\000o\000n\000\040\000D\000o\000c\000u\000m\000e\000n\000t\000a\000t\000i\000o\000n}{section.5.1}% 172
\BOOKMARK [3][-]{subsubsection.5.1.1.1}{\376\377\0005\000.\0001\000.\0001\000.\0001\000\040\000o\000p\000e\000r\000a\000t\000o\000r\000<\000<\000\050\000s\000t\000d\000:\000:\000o\000s\000t\000r\000e\000a\000m\000\040\000o\000s\000,\000\040\000c\000o\000n\000s\000t\000\040\000M\000a\000t\000r\000i\000x\000\040\000m\000\051}{subsection.5.1.1}% 173
\BOOKMARK [3][-]{subsubsection.5.1.1.2}{\376\377\0005\000.\0001\000.\0001\000.\0002\000\040\000o\000p\000e\000r\000a\000t\000o\000r\000<\000<\000\050\000s\000t\000d\000:\000:\000o\000f\000s\000t\000r\000e\000a\000m\000\040\000o\000f\000s\000,\000\040\000c\000o\000n\000s\000t\000\040\000M\000a\000t\000r\000i\000x\000\040\000m\000\051}{subsection.5.1.1}% 174
\BOOKMARK [3][-]{subsubsection.5.1.1.3}{\376\377\0005\000.\0001\000.\0001\000.\0003\000\040\000o\000p\000e\000r\000a\000t\000o\000r\000>\000>\000\050\000s\000t\000d\000:\000:\000i\000s\000t\000r\000e\000a\000m\000\040\000i\000s\000,\000\040\000M\000a\000t\000r\000i\000x\000\040\000m\000\051}{subsection.5.1.1}% 175
\BOOKMARK [3][-]{subsubsection.5.1.1.4}{\376\377\0005\000.\0001\000.\0001\000.\0004\000\040\000o\000p\000e\000r\000a\000t\000o\000r\000>\000>\000\050\000s\000t\000d\000:\000:\000i\000f\000s\000t\000r\000e\000a\000m\000\040\000i\000f\000s\000,\000\040\000M\000a\000t\000r\000i\000x\000\040\000m\000\051}{subsection.5.1.1}% 176
\BOOKMARK [1][-]{section.5.2}{\376\377\0005\000.\0002\000\040\000g\000r\000i\000d\000/\000m\000a\000t\000r\000i\000x\000.\000h\000\040\000F\000i\000l\000e\000\040\000R\000e\000f\000e\000r\000e\000n\000c\000e}{chapter.5}% 177
\BOOKMARK [1][-]{section.5.3}{\376\377\0005\000.\0003\000\040\000g\000r\000i\000d\000/\000v\000e\000c\000t\000o\000r\000.\000c\000p\000p\000\040\000F\000i\000l\000e\000\040\000R\000e\000f\000e\000r\000e\000n\000c\000e}{chapter.5}% 178
\BOOKMARK [2][-]{subsection.5.3.1}{\376\377\0005\000.\0003\000.\0001\000\040\000F\000u\000n\000c\000t\000i\000o\000n\000\040\000D\000o\000c\000u\000m\000e\000n\000t\000a\000t\000i\000o\000n}{section.5.3}% 179
\BOOKMARK [3][-]{subsubsection.5.3.1.1}{\376\377\0005\000.\0003\000.\0001\000.\0001\000\040\000o\000p\000e\000r\000a\000t\000o\000r\000<\000<\000\050\000s\000t\000d\000:\000:\000o\000s\000t\000r\000e\000a\000m\000\040\000o\000s\000,\000\040\000c\000o\000n\000s\000t\000\040\000V\000e\000c\000t\000o\000r\000\040\000v\000\051}{subsection.5.3.1}% 180
\BOOKMARK [3][-]{subsubsection.5.3.1.2}{\376\377\0005\000.\0003\000.\0001\000.\0002\000\040\000o\000p\000e\000r\000a\000t\000o\000r\000<\000<\000\050\000s\000t\000d\000:\000:\000o\000f\000s\000t\000r\000e\000a\000m\000\040\000o\000f\000s\000,\000\040\000c\000o\000n\000s\000t\000\040\000V\000e\000c\000t\000o\000r\000\040\000v\000\051}{subsection.5.3.1}% 181
\BOOKMARK [3][-]{subsubsection.5.3.1.3}{\376\377\0005\000.\0003\000.\0001\000.\0003\000\040\000o\000p\000e\000r\000a\000t\000o\000r\000>\000>\000\050\000s\000t\000d\000:\000:\000i\000s\000t\000r\000e\000a\000m\000\040\000i\000s\000,\000\040\000V\000e\000c\000t\000o\000r\000\040\000v\000\051}{subsection.5.3.1}% 182
\BOOKMARK [3][-]{subsubsection.5.3.1.4}{\376\377\0005\000.\0003\000.\0001\000.\0004\000\040\000o\000p\000e\000r\000a\000t\000o\000r\000>\000>\000\050\000s\000t\000d\000:\000:\000i\000f\000s\000t\000r\000e\000a\000m\000\040\000i\000f\000s\000,\000\040\000V\000e\000c\000t\000o\000r\000\040\000v\000\051}{subsection.5.3.1}% 183
\BOOKMARK [1][-]{section.5.4}{\376\377\0005\000.\0004\000\040\000g\000r\000i\000d\000/\000v\000e\000c\000t\000o\000r\000.\000h\000\040\000F\000i\000l\000e\000\040\000R\000e\000f\000e\000r\000e\000n\000c\000e}{chapter.5}% 184
\BOOKMARK [1][-]{section.5.5}{\376\377\0005\000.\0005\000\040\000i\000o\000/\000i\000o\000m\000a\000n\000a\000g\000e\000r\000.\000c\000p\000p\000\040\000F\000i\000l\000e\000\040\000R\000e\000f\000e\000r\000e\000n\000c\000e}{chapter.5}% 185
\BOOKMARK [1][-]{section.5.6}{\376\377\0005\000.\0006\000\040\000i\000o\000/\000i\000o\000m\000a\000n\000a\000g\000e\000r\000.\000h\000\040\000F\000i\000l\000e\000\040\000R\000e\000f\000e\000r\000e\000n\000c\000e}{chapter.5}% 186
\BOOKMARK [1][-]{section.5.7}{\376\377\0005\000.\0007\000\040\000m\000a\000i\000n\000.\000c\000p\000p\000\040\000F\000i\000l\000e\000\040\000R\000e\000f\000e\000r\000e\000n\000c\000e}{chapter.5}% 187
\BOOKMARK [2][-]{subsection.5.7.1}{\376\377\0005\000.\0007\000.\0001\000\040\000F\000u\000n\000c\000t\000i\000o\000n\000\040\000D\000o\000c\000u\000m\000e\000n\000t\000a\000t\000i\000o\000n}{section.5.7}% 188
\BOOKMARK [3][-]{subsubsection.5.7.1.1}{\376\377\0005\000.\0007\000.\0001\000.\0001\000\040\000m\000a\000i\000n\000\050\000\051}{subsection.5.7.1}% 189
\BOOKMARK [1][-]{section.5.8}{\376\377\0005\000.\0008\000\040\000m\000e\000t\000h\000o\000d\000s\000/\000a\000n\000a\000l\000y\000t\000i\000c\000a\000l\000.\000c\000p\000p\000\040\000F\000i\000l\000e\000\040\000R\000e\000f\000e\000r\000e\000n\000c\000e}{chapter.5}% 190
\BOOKMARK [1][-]{section.5.9}{\376\377\0005\000.\0009\000\040\000m\000e\000t\000h\000o\000d\000s\000/\000a\000n\000a\000l\000y\000t\000i\000c\000a\000l\000.\000h\000\040\000F\000i\000l\000e\000\040\000R\000e\000f\000e\000r\000e\000n\000c\000e}{chapter.5}% 191
\BOOKMARK [1][-]{section.5.10}{\376\377\0005\000.\0001\0000\000\040\000m\000e\000t\000h\000o\000d\000s\000/\000e\000x\000p\000l\000i\000c\000i\000t\000/\000d\000u\000f\000o\000r\000t\000\137\000f\000r\000a\000n\000k\000e\000l\000.\000c\000p\000p\000\040\000F\000i\000l\000e\000\040\000R\000e\000f\000e\000r\000e\000n\000c\000e}{chapter.5}% 192
\BOOKMARK [1][-]{section.5.11}{\376\377\0005\000.\0001\0001\000\040\000m\000e\000t\000h\000o\000d\000s\000/\000e\000x\000p\000l\000i\000c\000i\000t\000/\000d\000u\000f\000o\000r\000t\000\137\000f\000r\000a\000n\000k\000e\000l\000.\000h\000\040\000F\000i\000l\000e\000\040\000R\000e\000f\000e\000r\000e\000n\000c\000e}{chapter.5}% 193
\BOOKMARK [1][-]{section.5.12}{\376\377\0005\000.\0001\0002\000\040\000m\000e\000t\000h\000o\000d\000s\000/\000e\000x\000p\000l\000i\000c\000i\000t\000/\000e\000x\000p\000l\000i\000c\000i\000t\000.\000c\000p\000p\000\040\000F\000i\000l\000e\000\040\000R\000e\000f\000e\000r\000e\000n\000c\000e}{chapter.5}% 194
\BOOKMARK [1][-]{section.5.13}{\376\377\0005\000.\0001\0003\000\040\000m\000e\000t\000h\000o\000d\000s\000/\000e\000x\000p\000l\000i\000c\000i\000t\000/\000e\000x\000p\000l\000i\000c\000i\000t\000.\000h\000\040\000F\000i\000l\000e\000\040\000R\000e\000f\000e\000r\000e\000n\000c\000e}{chapter.5}% 195
\BOOKMARK [1][-]{section.5.14}{\376\377\0005\000.\0001\0004\000\040\000m\000e\000t\000h\000o\000d\000s\000/\000e\000x\000p\000l\000i\000c\000i\000t\000/\000f\000o\000r\000w\000a\000r\000d\000\137\000t\000\137\000c\000e\000n\000t\000r\000a\000l\000\137\000s\000.\000c\000p\000p\000\040\000F\000i\000l\000e\000\040\000R\000e\000f\000e\000r\000e\000n\000c\000e}{chapter.5}% 196
\BOOKMARK [1][-]{section.5.15}{\376\377\0005\000.\0001\0005\000\040\000m\000e\000t\000h\000o\000d\000s\000/\000e\000x\000p\000l\000i\000c\000i\000t\000/\000f\000o\000r\000w\000a\000r\000d\000\137\000t\000\137\000c\000e\000n\000t\000r\000a\000l\000\137\000s\000.\000h\000\040\000F\000i\000l\000e\000\040\000R\000e\000f\000e\000r\000e\000n\000c\000e}{chapter.5}% 197
\BOOKMARK [1][-]{section.5.16}{\376\377\0005\000.\0001\0006\000\040\000m\000e\000t\000h\000o\000d\000s\000/\000e\000x\000p\000l\000i\000c\000i\000t\000/\000r\000i\000c\000h\000a\000r\000d\000s\000o\000n\000.\000c\000p\000p\000\040\000F\000i\000l\000e\000\040\000R\000e\000f\000e\000r\000e\000n\000c\000e}{chapter.5}% 198
\BOOKMARK [1][-]{section.5.17}{\376\377\0005\000.\0001\0007\000\040\000m\000e\000t\000h\000o\000d\000s\000/\000e\000x\000p\000l\000i\000c\000i\000t\000/\000r\000i\000c\000h\000a\000r\000d\000s\000o\000n\000.\000h\000\040\000F\000i\000l\000e\000\040\000R\000e\000f\000e\000r\000e\000n\000c\000e}{chapter.5}% 199
\BOOKMARK [1][-]{section.5.18}{\376\377\0005\000.\0001\0008\000\040\000m\000e\000t\000h\000o\000d\000s\000/\000i\000m\000p\000l\000i\000c\000i\000t\000/\000c\000r\000a\000n\000k\000\137\000n\000i\000c\000o\000l\000s\000o\000n\000.\000c\000p\000p\000\040\000F\000i\000l\000e\000\040\000R\000e\000f\000e\000r\000e\000n\000c\000e}{chapter.5}% 200
\BOOKMARK [1][-]{section.5.19}{\376\377\0005\000.\0001\0009\000\040\000m\000e\000t\000h\000o\000d\000s\000/\000i\000m\000p\000l\000i\000c\000i\000t\000/\000c\000r\000a\000n\000k\000\137\000n\000i\000c\000o\000l\000s\000o\000n\000.\000h\000\040\000F\000i\000l\000e\000\040\000R\000e\000f\000e\000r\000e\000n\000c\000e}{chapter.5}% 201
\BOOKMARK [1][-]{section.5.20}{\376\377\0005\000.\0002\0000\000\040\000m\000e\000t\000h\000o\000d\000s\000/\000i\000m\000p\000l\000i\000c\000i\000t\000/\000i\000m\000p\000l\000i\000c\000i\000t\000.\000c\000p\000p\000\040\000F\000i\000l\000e\000\040\000R\000e\000f\000e\000r\000e\000n\000c\000e}{chapter.5}% 202
\BOOKMARK [1][-]{section.5.21}{\376\377\0005\000.\0002\0001\000\040\000m\000e\000t\000h\000o\000d\000s\000/\000i\000m\000p\000l\000i\000c\000i\000t\000/\000i\000m\000p\000l\000i\000c\000i\000t\000.\000h\000\040\000F\000i\000l\000e\000\040\000R\000e\000f\000e\000r\000e\000n\000c\000e}{chapter.5}% 203
\BOOKMARK [1][-]{section.5.22}{\376\377\0005\000.\0002\0002\000\040\000m\000e\000t\000h\000o\000d\000s\000/\000i\000m\000p\000l\000i\000c\000i\000t\000/\000l\000a\000a\000s\000o\000n\000e\000n\000.\000c\000p\000p\000\040\000F\000i\000l\000e\000\040\000R\000e\000f\000e\000r\000e\000n\000c\000e}{chapter.5}% 204
\BOOKMARK [1][-]{section.5.23}{\376\377\0005\000.\0002\0003\000\040\000m\000e\000t\000h\000o\000d\000s\000/\000i\000m\000p\000l\000i\000c\000i\000t\000/\000l\000a\000a\000s\000o\000n\000e\000n\000.\000h\000\040\000F\000i\000l\000e\000\040\000R\000e\000f\000e\000r\000e\000n\000c\000e}{chapter.5}% 205
\BOOKMARK [1][-]{section.5.24}{\376\377\0005\000.\0002\0004\000\040\000m\000e\000t\000h\000o\000d\000s\000/\000m\000e\000t\000h\000o\000d\000.\000c\000p\000p\000\040\000F\000i\000l\000e\000\040\000R\000e\000f\000e\000r\000e\000n\000c\000e}{chapter.5}% 206
\BOOKMARK [1][-]{section.5.25}{\376\377\0005\000.\0002\0005\000\040\000m\000e\000t\000h\000o\000d\000s\000/\000m\000e\000t\000h\000o\000d\000.\000h\000\040\000F\000i\000l\000e\000\040\000R\000e\000f\000e\000r\000e\000n\000c\000e}{chapter.5}% 207
\BOOKMARK [1][-]{section.5.26}{\376\377\0005\000.\0002\0006\000\040\000v\000a\000r\000i\000a\000n\000t\000s\000/\000p\000r\000o\000b\000l\000e\000m\000.\000c\000p\000p\000\040\000F\000i\000l\000e\000\040\000R\000e\000f\000e\000r\000e\000n\000c\000e}{chapter.5}% 208
\BOOKMARK [1][-]{section.5.27}{\376\377\0005\000.\0002\0007\000\040\000v\000a\000r\000i\000a\000n\000t\000s\000/\000p\000r\000o\000b\000l\000e\000m\000.\000h\000\040\000F\000i\000l\000e\000\040\000R\000e\000f\000e\000r\000e\000n\000c\000e}{chapter.5}% 209
\BOOKMARK [1][-]{section.5.28}{\376\377\0005\000.\0002\0008\000\040\000v\000a\000r\000i\000a\000n\000t\000s\000/\000u\000t\000i\000l\000s\000.\000h\000\040\000F\000i\000l\000e\000\040\000R\000e\000f\000e\000r\000e\000n\000c\000e}{chapter.5}% 210
\BOOKMARK [2][-]{subsection.5.28.1}{\376\377\0005\000.\0002\0008\000.\0001\000\040\000V\000a\000r\000i\000a\000b\000l\000e\000\040\000D\000o\000c\000u\000m\000e\000n\000t\000a\000t\000i\000o\000n}{section.5.28}% 211
\BOOKMARK [3][-]{subsubsection.5.28.1.1}{\376\377\0005\000.\0002\0008\000.\0001\000.\0001\000\040\000C\000R\000A\000N\000K\000N\000I\000C\000H\000O\000L\000S\000O\000N}{subsection.5.28.1}% 212
\BOOKMARK [3][-]{subsubsection.5.28.1.2}{\376\377\0005\000.\0002\0008\000.\0001\000.\0002\000\040\000D\000E\000L\000T\000A\000T}{subsection.5.28.1}% 213
\BOOKMARK [3][-]{subsubsection.5.28.1.3}{\376\377\0005\000.\0002\0008\000.\0001\000.\0003\000\040\000D\000E\000L\000T\000A\000T\000L\000A\000S\000S\000O\000N\000E\000N}{subsection.5.28.1}% 214
\BOOKMARK [3][-]{subsubsection.5.28.1.4}{\376\377\0005\000.\0002\0008\000.\0001\000.\0004\000\040\000D\000E\000L\000T\000A\000X}{subsection.5.28.1}% 215
\BOOKMARK [3][-]{subsubsection.5.28.1.5}{\376\377\0005\000.\0002\0008\000.\0001\000.\0005\000\040\000D\000I\000F\000U\000S\000I\000V\000I\000T\000Y}{subsection.5.28.1}% 216
\BOOKMARK [3][-]{subsubsection.5.28.1.6}{\376\377\0005\000.\0002\0008\000.\0001\000.\0006\000\040\000D\000U\000F\000O\000R\000T\000F\000R\000A\000N\000K\000E\000L}{subsection.5.28.1}% 217
\BOOKMARK [3][-]{subsubsection.5.28.1.7}{\376\377\0005\000.\0002\0008\000.\0001\000.\0007\000\040\000F\000O\000R\000W\000A\000R\000D\000T\000I\000M\000E\000C\000E\000N\000T\000R\000A\000L\000S\000P\000A\000C\000E}{subsection.5.28.1}% 218
\BOOKMARK [3][-]{subsubsection.5.28.1.8}{\376\377\0005\000.\0002\0008\000.\0001\000.\0008\000\040\000I\000N\000I\000T\000I\000A\000L\000T\000E\000M\000P\000E\000R\000A\000T\000U\000R\000E}{subsection.5.28.1}% 219
\BOOKMARK [3][-]{subsubsection.5.28.1.9}{\376\377\0005\000.\0002\0008\000.\0001\000.\0009\000\040\000L\000A\000A\000S\000O\000N\000E\000N}{subsection.5.28.1}% 220
\BOOKMARK [3][-]{subsubsection.5.28.1.10}{\376\377\0005\000.\0002\0008\000.\0001\000.\0001\0000\000\040\000N\000U\000M\000B\000E\000R\000O\000F\000E\000X\000P\000A\000N\000S\000I\000O\000N\000S}{subsection.5.28.1}% 221
\BOOKMARK [3][-]{subsubsection.5.28.1.11}{\376\377\0005\000.\0002\0008\000.\0001\000.\0001\0001\000\040\000N\000U\000M\000B\000E\000R\000T\000I\000M\000E\000S\000T\000E\000P\000S}{subsection.5.28.1}% 222
\BOOKMARK [3][-]{subsubsection.5.28.1.12}{\376\377\0005\000.\0002\0008\000.\0001\000.\0001\0002\000\040\000O\000U\000T\000P\000U\000T\000P\000A\000T\000H}{subsection.5.28.1}% 223
\BOOKMARK [3][-]{subsubsection.5.28.1.13}{\376\377\0005\000.\0002\0008\000.\0001\000.\0001\0003\000\040\000P\000I}{subsection.5.28.1}% 224
\BOOKMARK [3][-]{subsubsection.5.28.1.14}{\376\377\0005\000.\0002\0008\000.\0001\000.\0001\0004\000\040\000R\000I\000C\000H\000A\000R\000D\000S\000O\000N}{subsection.5.28.1}% 225
\BOOKMARK [3][-]{subsubsection.5.28.1.15}{\376\377\0005\000.\0002\0008\000.\0001\000.\0001\0005\000\040\000S\000U\000R\000F\000A\000C\000E\000T\000E\000M\000P\000E\000R\000A\000T\000U\000R\000E}{subsection.5.28.1}% 226
\BOOKMARK [3][-]{subsubsection.5.28.1.16}{\376\377\0005\000.\0002\0008\000.\0001\000.\0001\0006\000\040\000T\000H\000I\000C\000K\000N\000E\000S\000S}{subsection.5.28.1}% 227
\BOOKMARK [3][-]{subsubsection.5.28.1.17}{\376\377\0005\000.\0002\0008\000.\0001\000.\0001\0007\000\040\000T\000I\000M\000E\000L\000I\000M\000I\000T}{subsection.5.28.1}% 228
\BOOKMARK [0][-]{section*.197}{\376\377\000I\000n\000d\000e\000x}{}% 229
